<?xml version="1.0" encoding="UTF-8"?>
<!-- Generated by org.testng.reporters.JUnitXMLReporter -->
<testsuite hostname="chinnu-HP" name="Test2" tests="5" failures="5" timestamp="24 Jul 2015 05:38:25 GMT" time="61.332" errors="0">
  <testcase name="@AfterTest logout" time="0.0" classname="com.suite.regression.Users">
    <failure type="java.lang.NullPointerException">
      <![CDATA[java.lang.NullPointerException
	at com.suite.regression.Users.logout(Users.java:23)
... Removed 22 stack frames]]>
    </failure>
  </testcase> <!-- @AfterTest logout -->
  <testcase name="createUser" time="10.164" classname="com.suite.regression.Users">
    <failure type="java.lang.NullPointerException">
      <![CDATA[java.lang.NullPointerException
	at com.suite.regression.Users.userFormPage(Users.java:28)
	at com.suite.regression.Users.createUser(Users.java:35)
... Removed 24 stack frames]]>
    </failure>
  </testcase> <!-- createUser -->
  <testcase name="cancelCreatingUser" time="10.148" classname="com.suite.regression.Users">
    <failure type="java.lang.NullPointerException">
      <![CDATA[java.lang.NullPointerException
	at com.suite.regression.Users.userFormPage(Users.java:28)
	at com.suite.regression.Users.cancelCreatingUser(Users.java:47)
... Removed 24 stack frames]]>
    </failure>
  </testcase> <!-- cancelCreatingUser -->
  <testcase name="validateFormFields" time="10.192" classname="com.suite.regression.Users">
    <failure type="java.lang.NullPointerException">
      <![CDATA[java.lang.NullPointerException
	at com.suite.regression.Users.userFormPage(Users.java:28)
	at com.suite.regression.Users.validateFormFields(Users.java:60)
... Removed 24 stack frames]]>
    </failure>
  </testcase> <!-- validateFormFields -->
  <testcase name="deleteUser" time="10.14" classname="com.suite.regression.Users">
    <failure type="java.lang.NullPointerException">
      <![CDATA[java.lang.NullPointerException
	at com.suite.regression.Users.userFormPage(Users.java:28)
	at com.suite.regression.Users.createUser(Users.java:35)
	at com.suite.regression.Users.deleteUser(Users.java:71)
... Removed 24 stack frames]]>
    </failure>
  </testcase> <!-- deleteUser -->
  <testcase name="deleteAllUsers" time="10.158" classname="com.suite.regression.Users">
    <failure type="java.lang.NullPointerException">
      <![CDATA[java.lang.NullPointerException
	at com.suite.regression.Users.deleteAllUsers(Users.java:81)
... Removed 24 stack frames]]>
    </failure>
  </testcase> <!-- deleteAllUsers -->
</testsuite> <!-- Test2 -->
