<?xml version="1.0" encoding="UTF-8"?>
<!-- Generated by org.testng.reporters.JUnitXMLReporter -->
<testsuite hostname="chinnu-HP" name="Test1" tests="8" failures="0" timestamp="24 Jul 2015 05:37:23 GMT" time="0.223" errors="0">
  <testcase name="@BeforeTest login" time="0.0" classname="com.suite.regression.UserGroup">
    <failure type="java.lang.NullPointerException">
      <![CDATA[java.lang.NullPointerException
	at com.suite.regression.UserGroup.login(UserGroup.java:18)
... Removed 22 stack frames]]>
    </failure>
  </testcase> <!-- @BeforeTest login -->
  <testcase name="createEmptyUserGroup" time="0.002" classname="com.suite.regression.UserGroup">
    <skipped/>
  </testcase> <!-- createEmptyUserGroup -->
  <testcase name="addDefaultUser" time="0.002" classname="com.suite.regression.UserGroup">
    <skipped/>
  </testcase> <!-- addDefaultUser -->
  <testcase name="addCustomUser" time="0.003" classname="com.suite.regression.UserGroup">
    <skipped/>
  </testcase> <!-- addCustomUser -->
  <testcase name="addUserBySearch" time="0.032" classname="com.suite.regression.UserGroup">
    <skipped/>
  </testcase> <!-- addUserBySearch -->
  <testcase name="validateFormField" time="0.021" classname="com.suite.regression.UserGroup">
    <skipped/>
  </testcase> <!-- validateFormField -->
  <testcase name="cancelCreatingUserGroup" time="0.005" classname="com.suite.regression.UserGroup">
    <skipped/>
  </testcase> <!-- cancelCreatingUserGroup -->
  <testcase name="deleteUserGroup" time="0.004" classname="com.suite.regression.UserGroup">
    <skipped/>
  </testcase> <!-- deleteUserGroup -->
  <testcase name="deleteAllUserGroup" time="0.002" classname="com.suite.regression.UserGroup">
    <skipped/>
  </testcase> <!-- deleteAllUserGroup -->
</testsuite> <!-- Test1 -->
