<?xml version="1.0" encoding="UTF-8"?>
<!-- Generated by org.testng.reporters.JUnitXMLReporter -->
<testsuite hostname="chinnu-HP" name="Usergroup" tests="8" failures="1" timestamp="24 Jul 2015 06:11:51 GMT" time="121.635" errors="0">
  <testcase name="createEmptyUserGroup" time="21.353" classname="com.suite.regression.UserGroup"/>
  <testcase name="addDefaultUser" time="9.573" classname="com.suite.regression.UserGroup"/>
  <testcase name="addCustomUser" time="9.235" classname="com.suite.regression.UserGroup"/>
  <testcase name="addUserBySearch" time="24.573" classname="com.suite.regression.UserGroup">
    <failure type="java.lang.NullPointerException">
      <![CDATA[java.lang.NullPointerException
	at com.suite.regression.RegressionSuiteBase.dragAndDrop(RegressionSuiteBase.java:34)
	at com.suite.regression.UserGroup.addUserBySearch(UserGroup.java:69)
... Removed 24 stack frames]]>
    </failure>
  </testcase> <!-- addUserBySearch -->
  <testcase name="validateFormField" time="4.92" classname="com.suite.regression.UserGroup"/>
  <testcase name="cancelCreatingUserGroup" time="7.257" classname="com.suite.regression.UserGroup"/>
  <testcase name="deleteUserGroup" time="11.847" classname="com.suite.regression.UserGroup"/>
  <testcase name="deleteAllUserGroup" time="16.867" classname="com.suite.regression.UserGroup"/>
</testsuite> <!-- Usergroup -->
