<?xml version="1.0" encoding="UTF-8"?>
<!-- Generated by org.testng.reporters.JUnitXMLReporter -->
<testsuite hostname="chinnu-HP" name="Users" tests="5" failures="0" timestamp="24 Jul 2015 06:09:50 GMT" time="0.197" errors="0">
  <testcase name="@BeforeTest login" time="0.0" classname="com.suite.regression.Users">
    <failure type="java.lang.NullPointerException">
      <![CDATA[java.lang.NullPointerException
	at com.suite.regression.RegressionSuiteBase.login(RegressionSuiteBase.java:90)
... Removed 22 stack frames]]>
    </failure>
  </testcase> <!-- @BeforeTest login -->
  <testcase name="@AfterTest logout" time="0.0" classname="com.suite.regression.Users">
    <skipped/>
  </testcase> <!-- @AfterTest logout -->
  <testcase name="createUser" time="0.004" classname="com.suite.regression.Users">
    <skipped/>
  </testcase> <!-- createUser -->
  <testcase name="cancelCreatingUser" time="0.003" classname="com.suite.regression.Users">
    <skipped/>
  </testcase> <!-- cancelCreatingUser -->
  <testcase name="validateFormFields" time="0.003" classname="com.suite.regression.Users">
    <skipped/>
  </testcase> <!-- validateFormFields -->
  <testcase name="deleteUser" time="0.004" classname="com.suite.regression.Users">
    <skipped/>
  </testcase> <!-- deleteUser -->
  <testcase name="deleteAllUsers" time="0.004" classname="com.suite.regression.Users">
    <skipped/>
  </testcase> <!-- deleteAllUsers -->
</testsuite> <!-- Users -->
