<?xml version="1.0" encoding="UTF-8"?>
<!-- Generated by org.testng.reporters.JUnitXMLReporter -->
<testsuite hostname="chinnu-HP" name="UserGroup1" tests="13" failures="0" timestamp="23 Jul 2015 09:31:03 GMT" time="2.438" errors="0">
  <testcase name="@BeforeTest login" time="0.0" classname="com.suite.regression.UserGroup">
    <failure type="java.lang.NullPointerException">
      <![CDATA[java.lang.NullPointerException
	at com.suite.regression.Users.login(Users.java:18)
... Removed 22 stack frames]]>
    </failure>
  </testcase> <!-- @BeforeTest login -->
  <testcase name="@AfterTest logout" time="0.0" classname="com.suite.regression.UserGroup">
    <skipped/>
  </testcase> <!-- @AfterTest logout -->
  <testcase name="@AfterTest logout" time="0.0" classname="com.suite.regression.UserGroup">
    <skipped/>
  </testcase> <!-- @AfterTest logout -->
  <testcase name="createEmptyUserGroup" time="0.005" classname="com.suite.regression.UserGroup">
    <skipped/>
  </testcase> <!-- createEmptyUserGroup -->
  <testcase name="addDefaultUser" time="0.003" classname="com.suite.regression.UserGroup">
    <skipped/>
  </testcase> <!-- addDefaultUser -->
  <testcase name="addCustomUser" time="0.003" classname="com.suite.regression.UserGroup">
    <skipped/>
  </testcase> <!-- addCustomUser -->
  <testcase name="addUserBySearch" time="0.086" classname="com.suite.regression.UserGroup">
    <skipped/>
  </testcase> <!-- addUserBySearch -->
  <testcase name="validateFormField" time="0.003" classname="com.suite.regression.UserGroup">
    <skipped/>
  </testcase> <!-- validateFormField -->
  <testcase name="cancelCreatingUserGroup" time="0.003" classname="com.suite.regression.UserGroup">
    <skipped/>
  </testcase> <!-- cancelCreatingUserGroup -->
  <testcase name="deleteUserGroup" time="0.003" classname="com.suite.regression.UserGroup">
    <skipped/>
  </testcase> <!-- deleteUserGroup -->
  <testcase name="deleteAllUserGroup" time="0.003" classname="com.suite.regression.UserGroup">
    <skipped/>
  </testcase> <!-- deleteAllUserGroup -->
  <testcase name="createUser" time="0.015" classname="com.suite.regression.Users">
    <skipped/>
  </testcase> <!-- createUser -->
  <testcase name="cancelCreatingUser" time="0.002" classname="com.suite.regression.Users">
    <skipped/>
  </testcase> <!-- cancelCreatingUser -->
  <testcase name="validateFormFields" time="0.002" classname="com.suite.regression.Users">
    <skipped/>
  </testcase> <!-- validateFormFields -->
  <testcase name="deleteUser" time="0.002" classname="com.suite.regression.Users">
    <skipped/>
  </testcase> <!-- deleteUser -->
  <testcase name="deleteAllUsers" time="0.002" classname="com.suite.regression.Users">
    <skipped/>
  </testcase> <!-- deleteAllUsers -->
</testsuite> <!-- UserGroup1 -->
