<?xml version="1.0" encoding="UTF-8"?>
<!-- Generated by org.testng.reporters.JUnitXMLReporter -->
<testsuite hostname="chinnu-HP" name="Default test" tests="4" failures="0" timestamp="19 Jul 2015 16:13:45 GMT" time="61.949" errors="0">
  <testcase name="createEmptyUserGroup" time="17.887" classname="com.suite.regression.UserGroup"/>
  <testcase name="createUserGroupAddingUser" time="11.588" classname="com.suite.regression.UserGroup"/>
  <testcase name="deleteAllUserGroup" time="9.452" classname="com.suite.regression.UserGroup"/>
  <testcase name="deleteUserGroup" time="17.876" classname="com.suite.regression.UserGroup"/>
</testsuite> <!-- Default test -->
