<?xml version="1.0" encoding="UTF-8"?>
<!-- Generated by org.testng.reporters.JUnitXMLReporter -->
<testsuite hostname="chinnu-HP" name="AppContent" tests="5" failures="1" timestamp="24 Aug 2015 16:26:03 GMT" time="324.909" errors="0">
  <testcase name="uploadFile" time="119.028" classname="com.suite.regression.AppContent"/>
  <testcase name="uploadFile" time="50.744" classname="com.suite.regression.AppContent"/>
  <testcase name="uploadFile" time="39.041" classname="com.suite.regression.AppContent">
    <failure type="java.lang.NullPointerException">
      <![CDATA[java.lang.NullPointerException
	at com.suite.regression.AppContent.uploadFile(AppContent.java:40)
... Removed 24 stack frames]]>
    </failure>
  </testcase> <!-- uploadFile -->
  <testcase name="deleteFile" time="32.223" classname="com.suite.regression.AppContent"/>
  <testcase name="deleteAllFile" time="28.011" classname="com.suite.regression.AppContent"/>
</testsuite> <!-- AppContent -->
