<?xml version="1.0" encoding="UTF-8"?>
<!-- Generated by org.testng.reporters.JUnitXMLReporter -->
<testsuite hostname="chinnu-HP" name="AppContent" tests="5" failures="1" timestamp="17 Aug 2015 11:45:41 GMT" time="223.715" errors="0">
  <testcase name="uploadFile" time="64.376" classname="com.suite.regression.AppContent"/>
  <testcase name="uploadFile" time="45.236" classname="com.suite.regression.AppContent"/>
  <testcase name="uploadFile" time="39.606" classname="com.suite.regression.AppContent">
    <failure type="java.lang.NullPointerException">
      <![CDATA[java.lang.NullPointerException
	at com.suite.regression.AppContent.uploadFile(AppContent.java:65)
... Removed 24 stack frames]]>
    </failure>
  </testcase> <!-- uploadFile -->
  <testcase name="deleteFile" time="15.661" classname="com.suite.regression.AppContent"/>
  <testcase name="deleteAllFile" time="21.557" classname="com.suite.regression.AppContent"/>
</testsuite> <!-- AppContent -->
