<?xml version="1.0" encoding="UTF-8"?>
<!-- Generated by org.testng.reporters.JUnitXMLReporter -->
<testsuite hostname="chinnu-HP" name="Usergroup" tests="8" failures="0" timestamp="17 Aug 2015 11:39:53 GMT" time="159.285" errors="0">
  <testcase name="createEmptyUserGroup" time="22.006" classname="com.suite.regression.UserGroup"/>
  <testcase name="addDefaultUser" time="8.224" classname="com.suite.regression.UserGroup"/>
  <testcase name="addCustomUser" time="7.342" classname="com.suite.regression.UserGroup"/>
  <testcase name="addUserBySearch" time="20.827" classname="com.suite.regression.UserGroup"/>
  <testcase name="validateFormField" time="7.577" classname="com.suite.regression.UserGroup"/>
  <testcase name="cancelCreatingUserGroup" time="6.048" classname="com.suite.regression.UserGroup"/>
  <testcase name="deleteUserGroup" time="12.794" classname="com.suite.regression.UserGroup"/>
  <testcase name="deleteAllUserGroup" time="17.454" classname="com.suite.regression.UserGroup"/>
</testsuite> <!-- Usergroup -->
