<?xml version="1.0" encoding="UTF-8"?>
<!-- Generated by org.testng.reporters.JUnitXMLReporter -->
<testsuite hostname="chinnu-HP" name="Users" tests="5" failures="0" timestamp="17 Aug 2015 11:57:58 GMT" time="128.302" errors="0">
  <testcase name="createUser" time="30.537" classname="com.suite.regression.Users"/>
  <testcase name="cancelCreatingUser" time="7.909" classname="com.suite.regression.Users"/>
  <testcase name="validateFormFields" time="5.035" classname="com.suite.regression.Users"/>
  <testcase name="deleteUser" time="20.775" classname="com.suite.regression.Users"/>
  <testcase name="deleteAllUsers" time="22.253" classname="com.suite.regression.Users"/>
</testsuite> <!-- Users -->
