<?xml version="1.0" encoding="UTF-8"?>
<!-- Generated by org.testng.reporters.JUnitXMLReporter -->
<testsuite hostname="chinnu-HP" name="Usergroup" tests="8" failures="0" timestamp="24 Aug 2015 16:17:32 GMT" time="194.62" errors="0">
  <testcase name="createEmptyUserGroup" time="24.338" classname="com.suite.regression.UserGroup"/>
  <testcase name="addDefaultUser" time="10.332" classname="com.suite.regression.UserGroup"/>
  <testcase name="addCustomUser" time="10.248" classname="com.suite.regression.UserGroup"/>
  <testcase name="addUserBySearch" time="23.168" classname="com.suite.regression.UserGroup"/>
  <testcase name="validateFormField" time="7.789" classname="com.suite.regression.UserGroup"/>
  <testcase name="cancelCreatingUserGroup" time="10.921" classname="com.suite.regression.UserGroup"/>
  <testcase name="deleteUserGroup" time="20.045" classname="com.suite.regression.UserGroup"/>
  <testcase name="deleteAllUserGroup" time="24.231" classname="com.suite.regression.UserGroup"/>
</testsuite> <!-- Usergroup -->
