<?xml version="1.0" encoding="UTF-8"?>
<!-- Generated by org.testng.reporters.JUnitXMLReporter -->
<testsuite hostname="chinnu-HP" name="AppContent(failed)(failed)" tests="1" failures="1" timestamp="24 Aug 2015 16:29:38 GMT" time="89.13" errors="0">
  <testcase name="uploadFile" time="0.011" classname="com.suite.regression.AppContent">
    <failure type="java.lang.NullPointerException">
      <![CDATA[java.lang.NullPointerException
	at com.suite.regression.AppContent.uploadFile(AppContent.java:23)
... Removed 24 stack frames]]>
    </failure>
  </testcase> <!-- uploadFile -->
</testsuite> <!-- AppContent(failed)(failed) -->
