<?xml version="1.0" encoding="UTF-8"?>
<testng-results skipped="0" failed="2" total="18" passed="16">
  <reporter-output>
  </reporter-output>
  <suite name="regression" duration-ms="519576" started-at="2015-08-17T12:11:23Z" finished-at="2015-08-17T12:20:03Z">
    <groups>
    </groups>
    <test name="Usergroup" duration-ms="156113" started-at="2015-08-17T12:11:23Z" finished-at="2015-08-17T12:13:59Z">
      <class name="com.suite.regression.UserGroup">
        <test-method status="PASS" signature="login()[pri:0, instance:com.suite.regression.UserGroup@3cb5cdba]" name="login" is-config="true" duration-ms="38030" started-at="2015-08-17T17:41:23Z" finished-at="2015-08-17T17:42:01Z">
          <reporter-output>
          </reporter-output>
        </test-method> <!-- login -->
        <test-method status="PASS" signature="createEmptyUserGroup()[pri:0, instance:com.suite.regression.UserGroup@3cb5cdba]" name="createEmptyUserGroup" duration-ms="22096" started-at="2015-08-17T17:42:01Z" finished-at="2015-08-17T17:42:23Z">
          <reporter-output>
          </reporter-output>
        </test-method> <!-- createEmptyUserGroup -->
        <test-method status="PASS" signature="addDefaultUser()[pri:0, instance:com.suite.regression.UserGroup@3cb5cdba]" name="addDefaultUser" duration-ms="8128" started-at="2015-08-17T17:42:23Z" finished-at="2015-08-17T17:42:32Z">
          <reporter-output>
          </reporter-output>
        </test-method> <!-- addDefaultUser -->
        <test-method status="FAIL" signature="addCustomUser()[pri:0, instance:com.suite.regression.UserGroup@3cb5cdba]" name="addCustomUser" duration-ms="15008" started-at="2015-08-17T17:42:32Z" finished-at="2015-08-17T17:42:47Z">
          <exception class="java.lang.NullPointerException">
            <full-stacktrace>
              <![CDATA[java.lang.NullPointerException
	at com.suite.regression.RegressionSuiteBase.dragAndDrop(RegressionSuiteBase.java:41)
	at com.suite.regression.UserGroup.addCustomUser(UserGroup.java:65)
	at sun.reflect.NativeMethodAccessorImpl.invoke0(Native Method)
	at sun.reflect.NativeMethodAccessorImpl.invoke(Unknown Source)
	at sun.reflect.DelegatingMethodAccessorImpl.invoke(Unknown Source)
	at java.lang.reflect.Method.invoke(Unknown Source)
	at org.testng.internal.MethodInvocationHelper.invokeMethod(MethodInvocationHelper.java:84)
	at org.testng.internal.Invoker.invokeMethod(Invoker.java:714)
	at org.testng.internal.Invoker.invokeTestMethod(Invoker.java:901)
	at org.testng.internal.Invoker.invokeTestMethods(Invoker.java:1231)
	at org.testng.internal.TestMethodWorker.invokeTestMethods(TestMethodWorker.java:127)
	at org.testng.internal.TestMethodWorker.run(TestMethodWorker.java:111)
	at org.testng.TestRunner.privateRun(TestRunner.java:767)
	at org.testng.TestRunner.run(TestRunner.java:617)
	at org.testng.SuiteRunner.runTest(SuiteRunner.java:334)
	at org.testng.SuiteRunner.runSequentially(SuiteRunner.java:329)
	at org.testng.SuiteRunner.privateRun(SuiteRunner.java:291)
	at org.testng.SuiteRunner.run(SuiteRunner.java:240)
	at org.testng.SuiteRunnerWorker.runSuite(SuiteRunnerWorker.java:52)
	at org.testng.SuiteRunnerWorker.run(SuiteRunnerWorker.java:86)
	at org.testng.TestNG.runSuitesSequentially(TestNG.java:1224)
	at org.testng.TestNG.runSuitesLocally(TestNG.java:1149)
	at org.testng.TestNG.run(TestNG.java:1057)
	at org.testng.remote.RemoteTestNG.run(RemoteTestNG.java:111)
	at org.testng.remote.RemoteTestNG.initAndRun(RemoteTestNG.java:204)
	at org.testng.remote.RemoteTestNG.main(RemoteTestNG.java:175)
]]>
            </full-stacktrace>
          </exception> <!-- java.lang.NullPointerException -->
          <reporter-output>
          </reporter-output>
        </test-method> <!-- addCustomUser -->
        <test-method status="FAIL" signature="addUserBySearch()[pri:0, instance:com.suite.regression.UserGroup@3cb5cdba]" name="addUserBySearch" duration-ms="26159" started-at="2015-08-17T17:42:47Z" finished-at="2015-08-17T17:43:13Z">
          <exception class="java.lang.NullPointerException">
            <full-stacktrace>
              <![CDATA[java.lang.NullPointerException
	at com.suite.regression.RegressionSuiteBase.dragAndDrop(RegressionSuiteBase.java:41)
	at com.suite.regression.UserGroup.addUserBySearch(UserGroup.java:80)
	at sun.reflect.NativeMethodAccessorImpl.invoke0(Native Method)
	at sun.reflect.NativeMethodAccessorImpl.invoke(Unknown Source)
	at sun.reflect.DelegatingMethodAccessorImpl.invoke(Unknown Source)
	at java.lang.reflect.Method.invoke(Unknown Source)
	at org.testng.internal.MethodInvocationHelper.invokeMethod(MethodInvocationHelper.java:84)
	at org.testng.internal.Invoker.invokeMethod(Invoker.java:714)
	at org.testng.internal.Invoker.invokeTestMethod(Invoker.java:901)
	at org.testng.internal.Invoker.invokeTestMethods(Invoker.java:1231)
	at org.testng.internal.TestMethodWorker.invokeTestMethods(TestMethodWorker.java:127)
	at org.testng.internal.TestMethodWorker.run(TestMethodWorker.java:111)
	at org.testng.TestRunner.privateRun(TestRunner.java:767)
	at org.testng.TestRunner.run(TestRunner.java:617)
	at org.testng.SuiteRunner.runTest(SuiteRunner.java:334)
	at org.testng.SuiteRunner.runSequentially(SuiteRunner.java:329)
	at org.testng.SuiteRunner.privateRun(SuiteRunner.java:291)
	at org.testng.SuiteRunner.run(SuiteRunner.java:240)
	at org.testng.SuiteRunnerWorker.runSuite(SuiteRunnerWorker.java:52)
	at org.testng.SuiteRunnerWorker.run(SuiteRunnerWorker.java:86)
	at org.testng.TestNG.runSuitesSequentially(TestNG.java:1224)
	at org.testng.TestNG.runSuitesLocally(TestNG.java:1149)
	at org.testng.TestNG.run(TestNG.java:1057)
	at org.testng.remote.RemoteTestNG.run(RemoteTestNG.java:111)
	at org.testng.remote.RemoteTestNG.initAndRun(RemoteTestNG.java:204)
	at org.testng.remote.RemoteTestNG.main(RemoteTestNG.java:175)
]]>
            </full-stacktrace>
          </exception> <!-- java.lang.NullPointerException -->
          <reporter-output>
          </reporter-output>
        </test-method> <!-- addUserBySearch -->
        <test-method status="PASS" signature="validateFormField()[pri:0, instance:com.suite.regression.UserGroup@3cb5cdba]" name="validateFormField" duration-ms="5393" started-at="2015-08-17T17:43:13Z" finished-at="2015-08-17T17:43:18Z">
          <reporter-output>
          </reporter-output>
        </test-method> <!-- validateFormField -->
        <test-method status="PASS" signature="cancelCreatingUserGroup()[pri:0, instance:com.suite.regression.UserGroup@3cb5cdba]" name="cancelCreatingUserGroup" duration-ms="5603" started-at="2015-08-17T17:43:18Z" finished-at="2015-08-17T17:43:24Z">
          <reporter-output>
          </reporter-output>
        </test-method> <!-- cancelCreatingUserGroup -->
        <test-method status="PASS" signature="deleteUserGroup()[pri:0, instance:com.suite.regression.UserGroup@3cb5cdba]" name="deleteUserGroup" duration-ms="12830" started-at="2015-08-17T17:43:24Z" finished-at="2015-08-17T17:43:37Z">
          <reporter-output>
          </reporter-output>
        </test-method> <!-- deleteUserGroup -->
        <test-method status="PASS" signature="deleteAllUserGroup()[pri:0, instance:com.suite.regression.UserGroup@3cb5cdba]" name="deleteAllUserGroup" duration-ms="16876" started-at="2015-08-17T17:43:37Z" finished-at="2015-08-17T17:43:53Z">
          <reporter-output>
          </reporter-output>
        </test-method> <!-- deleteAllUserGroup -->
        <test-method status="PASS" signature="logout()[pri:0, instance:com.suite.regression.UserGroup@3cb5cdba]" name="logout" is-config="true" duration-ms="5877" started-at="2015-08-17T17:43:53Z" finished-at="2015-08-17T17:43:59Z">
          <reporter-output>
          </reporter-output>
        </test-method> <!-- logout -->
      </class> <!-- com.suite.regression.UserGroup -->
    </test> <!-- Usergroup -->
    <test name="Users" duration-ms="133306" started-at="2015-08-17T12:13:59Z" finished-at="2015-08-17T12:16:13Z">
      <class name="com.suite.regression.Users">
        <test-method status="PASS" signature="login()[pri:0, instance:com.suite.regression.Users@17f6480]" name="login" is-config="true" duration-ms="40068" started-at="2015-08-17T17:43:59Z" finished-at="2015-08-17T17:44:39Z">
          <reporter-output>
          </reporter-output>
        </test-method> <!-- login -->
        <test-method status="PASS" signature="createUser()[pri:0, instance:com.suite.regression.Users@17f6480]" name="createUser" duration-ms="27945" started-at="2015-08-17T17:44:39Z" finished-at="2015-08-17T17:45:07Z">
          <reporter-output>
          </reporter-output>
        </test-method> <!-- createUser -->
        <test-method status="PASS" signature="cancelCreatingUser()[pri:0, instance:com.suite.regression.Users@17f6480]" name="cancelCreatingUser" duration-ms="7488" started-at="2015-08-17T17:45:07Z" finished-at="2015-08-17T17:45:15Z">
          <reporter-output>
          </reporter-output>
        </test-method> <!-- cancelCreatingUser -->
        <test-method status="PASS" signature="validateFormFields()[pri:0, instance:com.suite.regression.Users@17f6480]" name="validateFormFields" duration-ms="5023" started-at="2015-08-17T17:45:15Z" finished-at="2015-08-17T17:45:20Z">
          <reporter-output>
          </reporter-output>
        </test-method> <!-- validateFormFields -->
        <test-method status="PASS" signature="deleteUser()[pri:0, instance:com.suite.regression.Users@17f6480]" name="deleteUser" duration-ms="21033" started-at="2015-08-17T17:45:20Z" finished-at="2015-08-17T17:45:41Z">
          <reporter-output>
          </reporter-output>
        </test-method> <!-- deleteUser -->
        <test-method status="PASS" signature="deleteAllUsers()[pri:0, instance:com.suite.regression.Users@17f6480]" name="deleteAllUsers" duration-ms="23208" started-at="2015-08-17T17:45:41Z" finished-at="2015-08-17T17:46:04Z">
          <reporter-output>
          </reporter-output>
        </test-method> <!-- deleteAllUsers -->
        <test-method status="PASS" signature="logout()[pri:0, instance:com.suite.regression.Users@17f6480]" name="logout" is-config="true" duration-ms="8532" started-at="2015-08-17T17:46:04Z" finished-at="2015-08-17T17:46:13Z">
          <reporter-output>
          </reporter-output>
        </test-method> <!-- logout -->
      </class> <!-- com.suite.regression.Users -->
    </test> <!-- Users -->
    <test name="AppContent" duration-ms="230067" started-at="2015-08-17T12:16:13Z" finished-at="2015-08-17T12:20:03Z">
      <class name="com.suite.regression.AppContent">
        <test-method status="PASS" signature="login()[pri:0, instance:com.suite.regression.AppContent@60f82f98]" name="login" is-config="true" duration-ms="31565" started-at="2015-08-17T17:46:13Z" finished-at="2015-08-17T17:46:44Z">
          <reporter-output>
          </reporter-output>
        </test-method> <!-- login -->
        <test-method status="PASS" signature="uploadFile(java.lang.String)[pri:0, instance:com.suite.regression.AppContent@60f82f98]" name="uploadFile" duration-ms="64856" started-at="2015-08-17T17:46:44Z" data-provider="testData" finished-at="2015-08-17T17:47:49Z">
          <params>
            <param index="0">
              <value>
                <![CDATA[./src/com/autoitfiles/upload_bmp.exe]]>
              </value>
            </param>
          </params>
          <reporter-output>
          </reporter-output>
        </test-method> <!-- uploadFile -->
        <test-method status="PASS" signature="uploadFile(java.lang.String)[pri:0, instance:com.suite.regression.AppContent@60f82f98]" name="uploadFile" duration-ms="44285" started-at="2015-08-17T17:47:49Z" data-provider="testData" finished-at="2015-08-17T17:48:33Z">
          <params>
            <param index="0">
              <value>
                <![CDATA[./src/com/autoitfiles/upload_gif.exe]]>
              </value>
            </param>
          </params>
          <reporter-output>
          </reporter-output>
        </test-method> <!-- uploadFile -->
        <test-method status="PASS" signature="uploadFile(java.lang.String)[pri:0, instance:com.suite.regression.AppContent@60f82f98]" name="uploadFile" duration-ms="43866" started-at="2015-08-17T17:48:33Z" data-provider="testData" finished-at="2015-08-17T17:49:17Z">
          <params>
            <param index="0">
              <value>
                <![CDATA[./src/com/autoitfiles/upload_jpeg.exe]]>
              </value>
            </param>
          </params>
          <reporter-output>
          </reporter-output>
        </test-method> <!-- uploadFile -->
        <test-method status="PASS" signature="deleteFile()[pri:0, instance:com.suite.regression.AppContent@60f82f98]" name="deleteFile" duration-ms="16460" started-at="2015-08-17T17:49:17Z" finished-at="2015-08-17T17:49:34Z">
          <reporter-output>
          </reporter-output>
        </test-method> <!-- deleteFile -->
        <test-method status="PASS" signature="deleteAllFile()[pri:0, instance:com.suite.regression.AppContent@60f82f98]" name="deleteAllFile" duration-ms="21629" started-at="2015-08-17T17:49:34Z" finished-at="2015-08-17T17:49:55Z">
          <reporter-output>
          </reporter-output>
        </test-method> <!-- deleteAllFile -->
        <test-method status="PASS" signature="logout()[pri:0, instance:com.suite.regression.AppContent@60f82f98]" name="logout" is-config="true" duration-ms="7347" started-at="2015-08-17T17:49:55Z" finished-at="2015-08-17T17:50:03Z">
          <reporter-output>
          </reporter-output>
        </test-method> <!-- logout -->
      </class> <!-- com.suite.regression.AppContent -->
    </test> <!-- AppContent -->
  </suite> <!-- regression -->
</testng-results>
